<?xml version="1.0" encoding="UTF-8" standalone="no"?>
<testsuite errors="0" failures="1" name="io.cucumber.core.plugin.JUnitFormatter" skipped="0" tests="4" time="98.579">
    <testcase classname="US009_SSN Gore Kullanici Arama" name="TC901_SSN Gore kullanici Arama ve Tum Bilgilerini Gorme" time="22.071">
        <system-out>
            <![CDATA[Given Web sayfasina git ab..................................................passed
Then Insan Butuna tikla ab..................................................passed
And Sign in tikla ab........................................................passed
Then User Name gir (customer olarak) ab.....................................passed
When Password gir (customer olarak) ab......................................passed
And Sign in click yap ab....................................................passed
And Cikan sayfada sag uste My Operations a tikla ab.........................passed
And Manage Customers a tikla ab.............................................passed
When Sag uste cikan Create a new Customer butonuna tikla ab.................passed
And SSN textbox a kayıtlı bir SSN no gir ab.................................passed
When Search butonuna tikla ab...............................................passed
Then SSN no nun geldiğini test et ab........................................passed
And SSN search yapildiginda diger bilgilerin geldigini test et ab...........passed
]]>
        </system-out>
    </testcase>
    <testcase classname="US011_Tarih Musteri Olusturma Aninda OLusturulmalidir" name="Tarih, müşteri oluşturma anında oluşturulmalıdır" time="32.907">
        <system-out>
            <![CDATA[Given Web sayfasina git ab..................................................passed
Then Insan Butuna tikla ab..................................................passed
And Sign in tikla ab........................................................passed
Then User Name gir (customer olarak) ab.....................................passed
When Password gir (customer olarak) ab......................................passed
And Sign in click yap ab....................................................passed
And Cikan sayfada sag uste My Operations a tikla ab.........................passed
And Manage Customers a tikla ab.............................................passed
When Sag uste cikan Create a new Customer butonuna tikla ab.................passed
And SSN textbox a kayıtlı bir SSN no gir ab.................................passed
When Search butonuna tikla ab...............................................passed
Then Middle Initial textbox a data gir ab...................................passed
And Phone Number textbox a data gir ab......................................passed
And Zip Code textbox a data gir ab..........................................passed
And City textbox a data gir ab..............................................passed
Then Create Date textbox a şu andaki tarihi data gir ab.....................passed
And Account dropdrowndan bir hesap sec ab...................................passed
And Zelle Enrolled box a tik at ab..........................................passed
And Save botonuna tikla ab..................................................passed
And translation-not-found yazısının geldigini test et ab....................passed
]]>
        </system-out>
    </testcase>
    <testcase classname="US011_Tarih Musteri Olusturma Aninda OLusturulmalidir" name="Girilen tarih, müşteri oluşturma anından daha erken veya geçmişte olamaz." time="21.458">
        <failure message="" type="java.lang.AssertionError">
            <![CDATA[Given Web sayfasina git ab..................................................passed
Then Insan Butuna tikla ab..................................................passed
And Sign in tikla ab........................................................passed
Then User Name gir (customer olarak) ab.....................................passed
When Password gir (customer olarak) ab......................................passed
And Sign in click yap ab....................................................passed
And Cikan sayfada sag uste My Operations a tikla ab.........................passed
And Manage Customers a tikla ab.............................................passed
When Sag uste cikan Create a new Customer butonuna tikla ab.................passed
And SSN textbox a kayıtlı bir SSN no gir ab.................................passed
When Search butonuna tikla ab...............................................passed
Then Middle Initial textbox a data gir ab...................................passed
And Phone Number textbox a data gir ab......................................passed
And Zip Code textbox a data gir ab..........................................passed
And City textbox a data gir ab..............................................passed
Then Create Date textbox a gecmiş bir tarih data gir ab.....................passed
And Save botonuna tikla ab..................................................passed
And translation-not-found yazısının gelmedigini test et ab..................failed

StackTrace:
java.lang.AssertionError
	at org.junit.Assert.fail(Assert.java:87)
	at org.junit.Assert.assertTrue(Assert.java:42)
	at org.junit.Assert.assertFalse(Assert.java:65)
	at org.junit.Assert.assertFalse(Assert.java:75)
	at linnProject.stepdefinitions.US009StepDefinitions.translationNotFoundYazısınınGelmediginiTestEtAb(US009StepDefinitions.java:180)
	at ✽.translation-not-found yazısının gelmedigini test et ab(file:///D:/com.LinnProject/src/test/resources/features/US011_TarihBilgileriniGirme.feature:43)
]]>
        </failure>
    </testcase>
    <testcase classname="US011_Tarih Musteri Olusturma Aninda OLusturulmalidir" name="Tarih ay, gün, yıl, saat ve dakika olarak oluşturulmalıdır." time="21.337">
        <system-out>
            <![CDATA[Given Web sayfasina git ab..................................................passed
Then Insan Butuna tikla ab..................................................passed
And Sign in tikla ab........................................................passed
Then User Name gir (customer olarak) ab.....................................passed
When Password gir (customer olarak) ab......................................passed
And Sign in click yap ab....................................................passed
And Cikan sayfada sag uste My Operations a tikla ab.........................passed
And Manage Customers a tikla ab.............................................passed
When Sag uste cikan Create a new Customer butonuna tikla ab.................passed
And SSN textbox a kayıtlı bir SSN no gir ab.................................passed
When Search butonuna tikla ab...............................................passed
And Create Date textbox a eksik tarih gir ab................................passed
And Tarih Text Box class degerinin invalid oldugunu test et ab..............passed
]]>
        </system-out>
    </testcase>
</testsuite>
